\BOOKMARK [1][]{toc1.1}{Contents}{}% 1
\BOOKMARK [1][]{section.1}{1\040Introduction}{}% 2
\BOOKMARK [1][]{section.2}{2\040Usage}{}% 3
\BOOKMARK [1][]{section.3}{3\040A\040lot\040of\040WARNINGS}{}% 4
\BOOKMARK [2][-]{subsection.3.1}{3.1\040\\AtEndDocument}{section.3}% 5
\BOOKMARK [2][-]{subsection.3.2}{3.2\040Interaction\040with\040very\040old\040versions\040of\040the\040endfloat\040package}{section.3}% 6
\BOOKMARK [2][-]{subsection.3.3}{3.3\040Page\040name\040instead\040of\040page\040number}{section.3}% 7
\BOOKMARK [2][-]{subsection.3.4}{3.4\040No\040write\040access\040to\040the\040aux\040file}{section.3}% 8
\BOOKMARK [2][-]{subsection.3.5}{3.5\040Wrong\040last\040page\040number\040with\040more\040than\040one\040page\040numbering\040scheme}{section.3}% 9
\BOOKMARK [2][-]{subsection.3.6}{3.6\040\\addtocounter\173page\175\173\203\175\040and\040\\setcounter\173page\175\173\203\175}{section.3}% 10
\BOOKMARK [2][-]{subsection.3.7}{3.7\040Page\040number\040reset\040by\040\\pagenumbering\173\203\175}{section.3}% 11
\BOOKMARK [2][-]{subsection.3.8}{3.8\040Last\040pages\040of\040different\040page\040numbering\040schemes}{section.3}% 12
\BOOKMARK [2][-]{subsection.3.9}{3.9\040Current\040page}{section.3}% 13
\BOOKMARK [2][-]{subsection.3.10}{3.10\040First\040page}{section.3}% 14
\BOOKMARK [2][-]{subsection.3.11}{3.11\040Using\040the\040fnsymbol\040page\040numbering\040scheme}{section.3}% 15
\BOOKMARK [2][-]{subsection.3.12}{3.12\040Page\040counter\040overflow}{section.3}% 16
\BOOKMARK [2][-]{subsection.3.13}{3.13\040Other\040packages\040manipulating\040\\lastpage@putlabel}{section.3}% 17
\BOOKMARK [1][]{section.4}{4\040Alternatives}{}% 18
\BOOKMARK [1][]{section.5}{5\040Example}{}% 19
\BOOKMARK [1][]{section.6}{6\040The\040implementation}{}% 20
\BOOKMARK [1][]{section.7}{7\040Installation}{}% 21
\BOOKMARK [2][-]{subsection.7.1}{7.1\040Downloads}{section.7}% 22
\BOOKMARK [2][-]{subsection.7.2}{7.2\040Package,\040unpacking\040TDS}{section.7}% 23
\BOOKMARK [2][-]{subsection.7.3}{7.3\040Refresh\040file\040name\040databases}{section.7}% 24
\BOOKMARK [2][-]{subsection.7.4}{7.4\040Some\040details\040for\040the\040interested}{section.7}% 25
\BOOKMARK [2][-]{subsection.7.5}{7.5\040Compiling\040the\040example}{section.7}% 26
\BOOKMARK [1][]{section.8}{8\040Acknowledgements}{}% 27
\BOOKMARK [1][]{section.9}{9\040History}{}% 28
\BOOKMARK [2][-]{section*.8}{[1994/06/17\040v0.99a]}{section.9}% 29
\BOOKMARK [2][-]{section*.9}{[1994/06/25\040v0.1b]}{section.9}% 30
\BOOKMARK [2][-]{section*.10}{[1994/07/20\040v0.1b\040\(again\)]}{section.9}% 31
\BOOKMARK [2][-]{section*.11}{[2010/02/18\040v1.1]}{section.9}% 32
\BOOKMARK [2][-]{section*.12}{[2010/07/29\040v1.2a]}{section.9}% 33
\BOOKMARK [2][-]{section*.13}{[2010/08/12\040v1.2b]}{section.9}% 34
\BOOKMARK [2][-]{section*.14}{[2010/08/23\040v1.2c]}{section.9}% 35
\BOOKMARK [2][-]{section*.15}{[2010/08/25\040v1.2d]}{section.9}% 36
\BOOKMARK [2][-]{section*.16}{[2010/09/12\040v1.2e]}{section.9}% 37
\BOOKMARK [2][-]{section*.17}{[2010/09/24\040v1.2f]}{section.9}% 38
\BOOKMARK [2][-]{section*.18}{[2011/02/01\040v1.2g]}{section.9}% 39
\BOOKMARK [2][-]{section*.19}{[2011/07/03\040v1.2h]}{section.9}% 40
\BOOKMARK [2][-]{section*.20}{[2011/08/08\040v1.2i]}{section.9}% 41
\BOOKMARK [2][-]{section*.21}{[2011/08/31\040v1.2j]}{section.9}% 42
\BOOKMARK [2][-]{section*.22}{[2011/09/01\040v1.2k]}{section.9}% 43
\BOOKMARK [2][-]{section*.23}{[2013/01/28\040v1.2l]}{section.9}% 44
\BOOKMARK [2][-]{section*.24}{[2015/03/29\040v1.2m]}{section.9}% 45
