This is TeX, Version 3.1415926 (TeX Live 2013/Debian) (format=tex 2015.5.3)  3 MAY 2015 17:59
**standalone.ins
(./standalone.ins (./ydocstrip.tex
(/usr/share/texlive/texmf-dist/tex/latex/base/docstrip.tex
\blockLevel=\count26
\emptyLines=\count27
\processedLines=\count28
\commentsRemoved=\count29
\commentsPassed=\count30
\codeLinesPassed=\count31
\TotalprocessedLines=\count32
\TotalcommentsRemoved=\count33
\TotalcommentsPassed=\count34
\TotalcodeLinesPassed=\count35
\NumberOfFiles=\count36
\inFile=\read0
\inputcheck=\read1
\@tempcnta=\count37
\off@0=\count38
\off@1=\count39
\off@2=\count40
\off@3=\count41
\off@4=\count42
\off@5=\count43
\off@6=\count44
\off@7=\count45
\off@8=\count46
\off@9=\count47
\off@10=\count48
\off@11=\count49
\off@12=\count50
\off@13=\count51
\off@14=\count52
\off@15=\count53
\@temptokena=\toks12
\@maxfiles=\count54
\@maxoutfiles=\count55

Utility: `docstrip' 2.5d <2005/07/29>
English documentation    <1999/03/31>

**********************************************************
* This program converts documented macro-files into fast *
* loadable files by stripping off (nearly) all comments! *
**********************************************************

********************************************************
* No Configuration file found, using default settings. *
********************************************************

))

Generating file(s) standalone.cls standalone.sty standalone.tex standalone.cfg 

\openout0 = `standalone.cls'.

\openout1 = `standalone.sty'.

\openout2 = `standalone.tex'.

\openout3 = `standalone.cfg'.


Processing file standalone.dtx (standalone.cls) -> standalone.cls
                               (standalone.sty) -> standalone.sty
                               (standalone.tex) -> standalone.tex
                               (standalone.cfg) -> standalone.cfg
Lines  processed: 4411
Comments removed: 2376
Comments  passed: 29
Codelines passed: 1977

 )
No pages of output.
